[ 2016-06-20T22:29:36+08:00 ] 127.0.0.1 /index.php/admin
INFO: [ app_init ] --START--
INFO: Run Behavior\BuildLiteBehavior [ RunTime:0.000024s ]
INFO: [ app_init ] --END-- [ RunTime:0.000703s ]
INFO: [ app_begin ] --START--
INFO: Run Behavior\ReadHtmlCacheBehavior [ RunTime:0.000921s ]
INFO: [ app_begin ] --END-- [ RunTime:0.001003s ]
SQL: SHOW COLUMNS FROM `sc_category` [ RunTime:0.0493s ]
SQL: SELECT * FROM `sc_category`  [ RunTime:0.0010s ]
INFO: [ view_parse ] --START--
INFO: [ template_filter ] --START--
INFO: Run Behavior\ContentReplaceBehavior [ RunTime:0.000137s ]
INFO: [ template_filter ] --END-- [ RunTime:0.000307s ]
INFO: Run Behavior\ParseTemplateBehavior [ RunTime:0.024876s ]
INFO: [ view_parse ] --END-- [ RunTime:0.025045s ]
INFO: [ view_filter ] --START--
INFO: Run Behavior\WriteHtmlCacheBehavior [ RunTime:0.001281s ]
INFO: [ view_filter ] --END-- [ RunTime:0.001418s ]
INFO: [ app_end ] --START--
INFO: Run Behavior\ShowPageTraceBehavior [ RunTime:0.001579s ]
INFO: [ app_end ] --END-- [ RunTime:0.001715s ]

[ 2016-06-20T22:31:42+08:00 ] 127.0.0.1 /index.php/admin
INFO: [ app_init ] --START--
INFO: Run Behavior\BuildLiteBehavior [ RunTime:0.000024s ]
INFO: [ app_init ] --END-- [ RunTime:0.000759s ]
INFO: [ app_begin ] --START--
INFO: Run Behavior\ReadHtmlCacheBehavior [ RunTime:0.001138s ]
INFO: [ app_begin ] --END-- [ RunTime:0.001244s ]
SQL: SHOW COLUMNS FROM `sc_message` [ RunTime:0.0991s ]
SQL: INSERT INTO `sc_message` (`title`,`cat_id`,`content`) VALUES ('putty是什么，怎么用？','12','<span style=\"line-height:1.5;\">1. PuTTY是一个Telnet、SSH、rlogin、纯TCP以及串行接口连接软件。较早的版本仅支持Windows平台，在最近的版本中开始支持各类Unix平台，并打算移植至Mac OS X上。除了官方版本外，有许多第三方的团体或个人将PuTTY移植到其他平台上，像是以Symbian为基础的移动电话。PuTTY为一开放源代码软件，主要由Simon Tatham维护，使用MIT licence授权。</span><br />
<span style=\"line-height:1.5;\">2.&nbsp;使用简介：</span><br />
<span style=\"line-height:1.5;\">把Putty下载到机器上，双击putty.exe，就出现配置界面。</span><br />
<span style=\"line-height:1.5;\">选择“Session”，在“Host Name (or IP address)”输入框中输入欲访问的主机名或IP，比如server1或192.168.9.4。端口号（Port）根据使用的协议有所区别，ssh默认使用22，telnet默认使用23，rlogin默认使用513。</span><br />
<span style=\"line-height:1.5;\">在“Protocol”单选栏中选择使用的协议，一般是telnet或ssh，这取决于服务器提供的服务。</span><br />
<span style=\"line-height:1.5;\">在“Saved Session”输入栏中输入任务的名字，单击“Save”按钮，就可以把任务配置保存起来了。</span><br />
<span style=\"line-height:1.5;\">配置完成后单击“Open”按钮，出现登录界面，就可以使用Putty连接Linux主机了。</span><br />
<span style=\"line-height:1.5;\"></span>') [ RunTime:0.0036s ]
INFO: [ view_parse ] --START--
INFO: [ template_filter ] --START--
INFO: Run Behavior\ContentReplaceBehavior [ RunTime:0.000216s ]
INFO: [ template_filter ] --END-- [ RunTime:0.000370s ]
INFO: Run Behavior\ParseTemplateBehavior [ RunTime:0.030859s ]
INFO: [ view_parse ] --END-- [ RunTime:0.031028s ]
INFO: [ view_filter ] --START--
INFO: Run Behavior\WriteHtmlCacheBehavior [ RunTime:0.001022s ]
INFO: [ view_filter ] --END-- [ RunTime:0.001141s ]

[ 2016-06-20T22:31:43+08:00 ] 127.0.0.1 /index.php/Admin/Index/index.html
INFO: [ app_init ] --START--
INFO: Run Behavior\BuildLiteBehavior [ RunTime:0.000047s ]
INFO: [ app_init ] --END-- [ RunTime:0.001166s ]
INFO: [ app_begin ] --START--
INFO: Run Behavior\ReadHtmlCacheBehavior [ RunTime:0.001199s ]
INFO: [ app_begin ] --END-- [ RunTime:0.001343s ]
SQL: SHOW COLUMNS FROM `sc_category` [ RunTime:0.0041s ]
SQL: SELECT * FROM `sc_category`  [ RunTime:0.0004s ]
INFO: [ view_parse ] --START--
INFO: [ template_filter ] --START--
INFO: Run Behavior\ContentReplaceBehavior [ RunTime:0.000086s ]
INFO: [ template_filter ] --END-- [ RunTime:0.000192s ]
INFO: Run Behavior\ParseTemplateBehavior [ RunTime:0.008386s ]
INFO: [ view_parse ] --END-- [ RunTime:0.008473s ]
INFO: [ view_filter ] --START--
INFO: Run Behavior\WriteHtmlCacheBehavior [ RunTime:0.000517s ]
INFO: [ view_filter ] --END-- [ RunTime:0.000586s ]
INFO: [ app_end ] --START--
INFO: Run Behavior\ShowPageTraceBehavior [ RunTime:0.000849s ]
INFO: [ app_end ] --END-- [ RunTime:0.000921s ]

[ 2016-06-20T22:31:53+08:00 ] 127.0.0.1 /index.php/Admin/Index/index.html
INFO: [ app_init ] --START--
INFO: Run Behavior\BuildLiteBehavior [ RunTime:0.000017s ]
INFO: [ app_init ] --END-- [ RunTime:0.000623s ]
INFO: [ app_begin ] --START--
INFO: Run Behavior\ReadHtmlCacheBehavior [ RunTime:0.000655s ]
INFO: [ app_begin ] --END-- [ RunTime:0.000721s ]
SQL: SHOW COLUMNS FROM `sc_category` [ RunTime:0.0036s ]
SQL: SELECT * FROM `sc_category`  [ RunTime:0.0004s ]
INFO: [ view_parse ] --START--
INFO: [ template_filter ] --START--
INFO: Run Behavior\ContentReplaceBehavior [ RunTime:0.000059s ]
INFO: [ template_filter ] --END-- [ RunTime:0.000131s ]
INFO: Run Behavior\ParseTemplateBehavior [ RunTime:0.006710s ]
INFO: [ view_parse ] --END-- [ RunTime:0.006786s ]
INFO: [ view_filter ] --START--
INFO: Run Behavior\WriteHtmlCacheBehavior [ RunTime:0.000463s ]
INFO: [ view_filter ] --END-- [ RunTime:0.000520s ]
INFO: [ app_end ] --START--
INFO: Run Behavior\ShowPageTraceBehavior [ RunTime:0.000686s ]
INFO: [ app_end ] --END-- [ RunTime:0.000746s ]

[ 2016-06-20T22:33:10+08:00 ] 127.0.0.1 /index.php/admin/index/edit/id/183
INFO: [ app_init ] --START--
INFO: Run Behavior\BuildLiteBehavior [ RunTime:0.000034s ]
INFO: [ app_init ] --END-- [ RunTime:0.001056s ]
INFO: [ app_begin ] --START--
INFO: Run Behavior\ReadHtmlCacheBehavior [ RunTime:0.001509s ]
INFO: [ app_begin ] --END-- [ RunTime:0.001644s ]
SQL: SHOW COLUMNS FROM `sc_message` [ RunTime:0.0044s ]
SQL: SELECT * FROM `sc_message` WHERE `id` = 183  [ RunTime:0.0003s ]
SQL: SHOW COLUMNS FROM `sc_category` [ RunTime:0.0046s ]
SQL: SELECT * FROM `sc_category`  [ RunTime:0.0003s ]
INFO: [ view_parse ] --START--
INFO: [ template_filter ] --START--
INFO: Run Behavior\ContentReplaceBehavior [ RunTime:0.000073s ]
INFO: [ template_filter ] --END-- [ RunTime:0.000201s ]
INFO: Run Behavior\ParseTemplateBehavior [ RunTime:0.189558s ]
INFO: [ view_parse ] --END-- [ RunTime:0.189663s ]
INFO: [ view_filter ] --START--
INFO: Run Behavior\WriteHtmlCacheBehavior [ RunTime:0.000360s ]
INFO: [ view_filter ] --END-- [ RunTime:0.000424s ]
INFO: [ app_end ] --START--
INFO: Run Behavior\ShowPageTraceBehavior [ RunTime:0.000876s ]
INFO: [ app_end ] --END-- [ RunTime:0.000981s ]

[ 2016-06-20T22:34:24+08:00 ] 127.0.0.1 /index.php/admin/index/edit/id/183
INFO: [ app_init ] --START--
INFO: Run Behavior\BuildLiteBehavior [ RunTime:0.000025s ]
INFO: [ app_init ] --END-- [ RunTime:0.000897s ]
INFO: [ app_begin ] --START--
INFO: Run Behavior\ReadHtmlCacheBehavior [ RunTime:0.001192s ]
INFO: [ app_begin ] --END-- [ RunTime:0.001298s ]
SQL: SHOW COLUMNS FROM `sc_message` [ RunTime:0.0049s ]
SQL: UPDATE `sc_message` SET `title`='putty是做什么用的，怎么使用？',`cat_id`='12',`content`='<span style=\"line-height:1.5;\">1. <span>PuTTY</span>是一个Telnet、SSH、rlogin、纯TCP以及串行接口连接软件。较早的版本仅支持Windows平台，在最近的版本中开始支持各类Unix平台，并打算移植至Mac OS X上。除了官方版本外，有许多第三方的团体或个人将PuTTY移植到其他平台上，像是以Symbian为基础的移动电话。PuTTY为一开放源代码软件，主要由Simon Tatham维护，使用MIT licence授权。</span><br />
<span style=\"line-height:1.5;\">2.&nbsp;使用简介：</span><br />
<span style=\"line-height:1.5;\">把Putty下载到机器上，双击putty.exe，就出现配置界面。</span><br />
<span style=\"line-height:1.5;\">选择“Session”，在“Host Name (or IP address)”输入框中输入欲访问的主机名或IP，比如server1或192.168.9.4。端口号（Port）根据使用的协议有所区别，ssh默认使用22，telnet默认使用23，rlogin默认使用513。</span><br />
<span style=\"line-height:1.5;\">在“Protocol”单选栏中选择使用的协议，一般是telnet或ssh，这取决于服务器提供的服务。</span><br />
<span style=\"line-height:1.5;\">在“Saved Session”输入栏中输入任务的名字，单击“Save”按钮，就可以把任务配置保存起来了。</span><br />
<span style=\"line-height:1.5;\">配置完成后单击“Open”按钮，出现登录界面，就可以使用Putty连接Linux主机了。</span><br />
<span style=\"line-height:1.5;\"></span>' WHERE `id` = 183 [ RunTime:0.0029s ]
INFO: [ view_parse ] --START--
INFO: [ template_filter ] --START--
INFO: Run Behavior\ContentReplaceBehavior [ RunTime:0.000068s ]
INFO: [ template_filter ] --END-- [ RunTime:0.000175s ]
INFO: Run Behavior\ParseTemplateBehavior [ RunTime:0.009727s ]
INFO: [ view_parse ] --END-- [ RunTime:0.009824s ]
INFO: [ view_filter ] --START--
INFO: Run Behavior\WriteHtmlCacheBehavior [ RunTime:0.000687s ]
INFO: [ view_filter ] --END-- [ RunTime:0.000766s ]

[ 2016-06-20T22:34:36+08:00 ] 127.0.0.1 /index.php/admin/index/edit/id/183
INFO: [ app_init ] --START--
INFO: Run Behavior\BuildLiteBehavior [ RunTime:0.000032s ]
INFO: [ app_init ] --END-- [ RunTime:0.001055s ]
INFO: [ app_begin ] --START--
INFO: Run Behavior\ReadHtmlCacheBehavior [ RunTime:0.001440s ]
INFO: [ app_begin ] --END-- [ RunTime:0.001576s ]
SQL: SHOW COLUMNS FROM `sc_message` [ RunTime:0.0059s ]
SQL: SELECT * FROM `sc_message` WHERE `id` = 183  [ RunTime:0.0004s ]
SQL: SHOW COLUMNS FROM `sc_category` [ RunTime:0.0067s ]
SQL: SELECT * FROM `sc_category`  [ RunTime:0.0006s ]
INFO: [ view_parse ] --START--
INFO: [ template_filter ] --START--
INFO: Run Behavior\ContentReplaceBehavior [ RunTime:0.000117s ]
INFO: [ template_filter ] --END-- [ RunTime:0.000255s ]
INFO: Run Behavior\ParseTemplateBehavior [ RunTime:0.013478s ]
INFO: [ view_parse ] --END-- [ RunTime:0.013611s ]
INFO: [ view_filter ] --START--
INFO: Run Behavior\WriteHtmlCacheBehavior [ RunTime:0.000900s ]
INFO: [ view_filter ] --END-- [ RunTime:0.001014s ]
INFO: [ app_end ] --START--
INFO: Run Behavior\ShowPageTraceBehavior [ RunTime:0.001281s ]
INFO: [ app_end ] --END-- [ RunTime:0.001395s ]

[ 2016-06-20T22:34:50+08:00 ] 127.0.0.1 /index.php/admin/index/edit/id/183
INFO: [ app_init ] --START--
INFO: Run Behavior\BuildLiteBehavior [ RunTime:0.000020s ]
INFO: [ app_init ] --END-- [ RunTime:0.000638s ]
INFO: [ app_begin ] --START--
INFO: Run Behavior\ReadHtmlCacheBehavior [ RunTime:0.000830s ]
INFO: [ app_begin ] --END-- [ RunTime:0.000899s ]
SQL: SHOW COLUMNS FROM `sc_message` [ RunTime:0.0042s ]
SQL: UPDATE `sc_message` SET `title`='putty是做什么用的，如何使用？',`cat_id`='12',`content`='<span style=\"line-height:1.5;\">1. <span>PuTTY</span>是一个Telnet、SSH、rlogin、纯TCP以及串行接口连接软件。较早的版本仅支持Windows平台，在最近的版本中开始支持各类Unix平台，并打算移植至Mac OS X上。除了官方版本外，有许多第三方的团体或个人将PuTTY移植到其他平台上，像是以Symbian为基础的移动电话。PuTTY为一开放源代码软件，主要由Simon Tatham维护，使用MIT licence授权。</span><br />
<span style=\"line-height:1.5;\">2.&nbsp;使用简介：</span><br />
<span style=\"line-height:1.5;\">把Putty下载到机器上，双击putty.exe，就出现配置界面。</span><br />
<span style=\"line-height:1.5;\">选择“Session”，在“Host Name (or IP address)”输入框中输入欲访问的主机名或IP，比如server1或192.168.9.4。端口号（Port）根据使用的协议有所区别，ssh默认使用22，telnet默认使用23，rlogin默认使用513。</span><br />
<span style=\"line-height:1.5;\">在“Protocol”单选栏中选择使用的协议，一般是telnet或ssh，这取决于服务器提供的服务。</span><br />
<span style=\"line-height:1.5;\">在“Saved Session”输入栏中输入任务的名字，单击“Save”按钮，就可以把任务配置保存起来了。</span><br />
<span style=\"line-height:1.5;\">配置完成后单击“Open”按钮，出现登录界面，就可以使用Putty连接Linux主机了。</span><br />
<span style=\"line-height:1.5;\"></span>' WHERE `id` = 183 [ RunTime:0.0025s ]
INFO: [ view_parse ] --START--
INFO: [ template_filter ] --START--
INFO: Run Behavior\ContentReplaceBehavior [ RunTime:0.000052s ]
INFO: [ template_filter ] --END-- [ RunTime:0.000138s ]
INFO: Run Behavior\ParseTemplateBehavior [ RunTime:0.007242s ]
INFO: [ view_parse ] --END-- [ RunTime:0.007394s ]
INFO: [ view_filter ] --START--
INFO: Run Behavior\WriteHtmlCacheBehavior [ RunTime:0.000428s ]
INFO: [ view_filter ] --END-- [ RunTime:0.000487s ]

[ 2016-06-20T23:14:45+08:00 ] 127.0.0.1 /index.php/Admin/Index/index.html
INFO: [ app_init ] --START--
INFO: Run Behavior\BuildLiteBehavior [ RunTime:0.000024s ]
INFO: [ app_init ] --END-- [ RunTime:0.000739s ]
INFO: [ app_begin ] --START--
INFO: Run Behavior\ReadHtmlCacheBehavior [ RunTime:0.000943s ]
INFO: [ app_begin ] --END-- [ RunTime:0.001019s ]
SQL: SHOW COLUMNS FROM `sc_message` [ RunTime:0.0038s ]
SQL: INSERT INTO `sc_message` (`title`,`cat_id`,`content`) VALUES ('secureCRT是什么软件？如何使用？','12','<span style=\"line-height:1.5;\">SecureCRT是一款支持SSH（SSH1和SSH2）的终端仿真程序，简单地说是Windows下登录UNIX或Linux服务器主机的软件。</span><br />
<span style=\"line-height:1.5;\">SecureCRT支持SSH，同时支持Telnet和rlogin协议。SecureCRT是一款用于连接运行包括Windows、UNIX和VMS的理想工具，我们可以用这个软件来远程连接虚拟机（比如阿里云虚拟主机）</span>') [ RunTime:0.0023s ]
INFO: [ view_parse ] --START--
INFO: [ template_filter ] --START--
INFO: Run Behavior\ContentReplaceBehavior [ RunTime:0.000050s ]
INFO: [ template_filter ] --END-- [ RunTime:0.000125s ]
INFO: Run Behavior\ParseTemplateBehavior [ RunTime:0.007244s ]
INFO: [ view_parse ] --END-- [ RunTime:0.007317s ]
INFO: [ view_filter ] --START--
INFO: Run Behavior\WriteHtmlCacheBehavior [ RunTime:0.000649s ]
INFO: [ view_filter ] --END-- [ RunTime:0.000718s ]

[ 2016-06-20T23:14:46+08:00 ] 127.0.0.1 /index.php/Admin/Index/index.html
INFO: [ app_init ] --START--
INFO: Run Behavior\BuildLiteBehavior [ RunTime:0.000021s ]
INFO: [ app_init ] --END-- [ RunTime:0.000563s ]
INFO: [ app_begin ] --START--
INFO: Run Behavior\ReadHtmlCacheBehavior [ RunTime:0.000648s ]
INFO: [ app_begin ] --END-- [ RunTime:0.000717s ]
SQL: SHOW COLUMNS FROM `sc_category` [ RunTime:0.0045s ]
SQL: SELECT * FROM `sc_category`  [ RunTime:0.0004s ]
INFO: [ view_parse ] --START--
INFO: [ template_filter ] --START--
INFO: Run Behavior\ContentReplaceBehavior [ RunTime:0.000062s ]
INFO: [ template_filter ] --END-- [ RunTime:0.000137s ]
INFO: Run Behavior\ParseTemplateBehavior [ RunTime:0.006532s ]
INFO: [ view_parse ] --END-- [ RunTime:0.006605s ]
INFO: [ view_filter ] --START--
INFO: Run Behavior\WriteHtmlCacheBehavior [ RunTime:0.000424s ]
INFO: [ view_filter ] --END-- [ RunTime:0.000481s ]
INFO: [ app_end ] --START--
INFO: Run Behavior\ShowPageTraceBehavior [ RunTime:0.000745s ]
INFO: [ app_end ] --END-- [ RunTime:0.000806s ]

[ 2016-06-20T23:15:54+08:00 ] 127.0.0.1 /index.php/Admin/Index/index.html
INFO: [ app_init ] --START--
INFO: Run Behavior\BuildLiteBehavior [ RunTime:0.000018s ]
INFO: [ app_init ] --END-- [ RunTime:0.000629s ]
INFO: [ app_begin ] --START--
INFO: Run Behavior\ReadHtmlCacheBehavior [ RunTime:0.000735s ]
INFO: [ app_begin ] --END-- [ RunTime:0.000803s ]
SQL: SHOW COLUMNS FROM `sc_message` [ RunTime:0.0042s ]
SQL: INSERT INTO `sc_message` (`title`,`cat_id`,`content`) VALUES ('什么是服务器？什么是虚拟机？什么是虚拟主机？','12','<span style=\"line-height:1.5;\">1.服务器：通俗易懂的说</span><span style=\"line-height:1.5;\">服务器也是一台计算机，只不过它的硬件比普通的计算机质量要好太多，因为大多服务器都是7*24小时开机的，而且服务器一般支持热插拔，就是带电插拔的意思！而且服务器的样子跟普通的电脑不一样的，管理的话都是用一台普通电脑通过远程桌面连接进行管理。</span><br />
<span style=\"line-height:1.5;\"></span><br />
<span style=\"line-height:1.5;\">2.虚拟机：虚拟机是一款软件，安装在操作系统内，打开的时候跟打开别的软件一样，可以在里面另外做出一台或者多台任意系统的虚拟计算机，功能上有一点限制，虚拟机一般是电脑爱好者以及程序员之类不可缺少的东西，因为里面无论怎样中病毒或者系统崩溃，只要不通过和主机的虚拟局域网传播进真机里，那么对真机不会有任何影响，可以用来试验不敢下载的软件进行测试。</span><br />
<span></span><br />
<span style=\"line-height:1.5;\">3.虚拟主机：虚拟主机是一些虚拟主机供应商提供的一个网络上的虚拟空间，大多是有很多做网站的但是没有能力买服务器的或者是一些爱好者用的，如果想做一个网站但是自己没有服务器就可以去网上去租一台虚拟主机来当作服务器用。</span><br />') [ RunTime:0.0028s ]
INFO: [ view_parse ] --START--
INFO: [ template_filter ] --START--
INFO: Run Behavior\ContentReplaceBehavior [ RunTime:0.000053s ]
INFO: [ template_filter ] --END-- [ RunTime:0.000138s ]
INFO: Run Behavior\ParseTemplateBehavior [ RunTime:0.006506s ]
INFO: [ view_parse ] --END-- [ RunTime:0.006587s ]
INFO: [ view_filter ] --START--
INFO: Run Behavior\WriteHtmlCacheBehavior [ RunTime:0.000412s ]
INFO: [ view_filter ] --END-- [ RunTime:0.000471s ]

[ 2016-06-20T23:15:55+08:00 ] 127.0.0.1 /index.php/Admin/Index/index.html
INFO: [ app_init ] --START--
INFO: Run Behavior\BuildLiteBehavior [ RunTime:0.000031s ]
INFO: [ app_init ] --END-- [ RunTime:0.000813s ]
INFO: [ app_begin ] --START--
INFO: Run Behavior\ReadHtmlCacheBehavior [ RunTime:0.001699s ]
INFO: [ app_begin ] --END-- [ RunTime:0.001925s ]
SQL: SHOW COLUMNS FROM `sc_category` [ RunTime:0.0038s ]
SQL: SELECT * FROM `sc_category`  [ RunTime:0.0004s ]
INFO: [ view_parse ] --START--
INFO: [ template_filter ] --START--
INFO: Run Behavior\ContentReplaceBehavior [ RunTime:0.000063s ]
INFO: [ template_filter ] --END-- [ RunTime:0.000138s ]
INFO: Run Behavior\ParseTemplateBehavior [ RunTime:0.006566s ]
INFO: [ view_parse ] --END-- [ RunTime:0.006643s ]
INFO: [ view_filter ] --START--
INFO: Run Behavior\WriteHtmlCacheBehavior [ RunTime:0.000415s ]
INFO: [ view_filter ] --END-- [ RunTime:0.000472s ]
INFO: [ app_end ] --START--
INFO: Run Behavior\ShowPageTraceBehavior [ RunTime:0.000708s ]
INFO: [ app_end ] --END-- [ RunTime:0.000769s ]

[ 2016-06-20T23:16:23+08:00 ] 127.0.0.1 /index.php/admin/index/edit/id/184
INFO: [ app_init ] --START--
INFO: Run Behavior\BuildLiteBehavior [ RunTime:0.000019s ]
INFO: [ app_init ] --END-- [ RunTime:0.000593s ]
INFO: [ app_begin ] --START--
INFO: Run Behavior\ReadHtmlCacheBehavior [ RunTime:0.000747s ]
INFO: [ app_begin ] --END-- [ RunTime:0.000813s ]
SQL: SHOW COLUMNS FROM `sc_message` [ RunTime:0.0033s ]
SQL: SELECT * FROM `sc_message` WHERE `id` = 184  [ RunTime:0.0002s ]
SQL: SHOW COLUMNS FROM `sc_category` [ RunTime:0.0030s ]
SQL: SELECT * FROM `sc_category`  [ RunTime:0.0002s ]
INFO: [ view_parse ] --START--
INFO: [ template_filter ] --START--
INFO: Run Behavior\ContentReplaceBehavior [ RunTime:0.000446s ]
INFO: [ template_filter ] --END-- [ RunTime:0.000536s ]
INFO: Run Behavior\ParseTemplateBehavior [ RunTime:0.007213s ]
INFO: [ view_parse ] --END-- [ RunTime:0.007296s ]
INFO: [ view_filter ] --START--
INFO: Run Behavior\WriteHtmlCacheBehavior [ RunTime:0.000334s ]
INFO: [ view_filter ] --END-- [ RunTime:0.000395s ]
INFO: [ app_end ] --START--
INFO: Run Behavior\ShowPageTraceBehavior [ RunTime:0.000552s ]
INFO: [ app_end ] --END-- [ RunTime:0.000612s ]

[ 2016-06-20T23:16:39+08:00 ] 127.0.0.1 /index.php/admin/index/edit/id/184
INFO: [ app_init ] --START--
INFO: Run Behavior\BuildLiteBehavior [ RunTime:0.000027s ]
INFO: [ app_init ] --END-- [ RunTime:0.000713s ]
INFO: [ app_begin ] --START--
INFO: Run Behavior\ReadHtmlCacheBehavior [ RunTime:0.000731s ]
INFO: [ app_begin ] --END-- [ RunTime:0.000802s ]
SQL: SHOW COLUMNS FROM `sc_message` [ RunTime:0.0040s ]
SQL: UPDATE `sc_message` SET `title`='secureCRT是什么软件？做什么用的？',`cat_id`='12',`content`='<span style=\"line-height:1.5;\">SecureCRT是一款支持SSH（SSH1和SSH2）的终端仿真程序，简单地说是Windows下登录UNIX或Linux服务器主机的软件。</span><br />
<span style=\"line-height:1.5;\">SecureCRT支持SSH，同时支持Telnet和rlogin协议。SecureCRT是一款用于连接运行包括Windows、UNIX和VMS的理想工具，我们可以用这个软件来远程连接虚拟机（比如阿里云虚拟主机）</span>' WHERE `id` = 184 [ RunTime:0.0023s ]
INFO: [ view_parse ] --START--
INFO: [ template_filter ] --START--
INFO: Run Behavior\ContentReplaceBehavior [ RunTime:0.000052s ]
INFO: [ template_filter ] --END-- [ RunTime:0.000127s ]
INFO: Run Behavior\ParseTemplateBehavior [ RunTime:0.006909s ]
INFO: [ view_parse ] --END-- [ RunTime:0.006983s ]
INFO: [ view_filter ] --START--
INFO: Run Behavior\WriteHtmlCacheBehavior [ RunTime:0.000421s ]
INFO: [ view_filter ] --END-- [ RunTime:0.000483s ]

[ 2016-06-20T23:36:34+08:00 ] 127.0.0.1 /index.php/Admin/Index/index.html
INFO: [ app_init ] --START--
INFO: Run Behavior\BuildLiteBehavior [ RunTime:0.000020s ]
INFO: [ app_init ] --END-- [ RunTime:0.000740s ]
INFO: [ app_begin ] --START--
INFO: Run Behavior\ReadHtmlCacheBehavior [ RunTime:0.000799s ]
INFO: [ app_begin ] --END-- [ RunTime:0.000877s ]
SQL: SHOW COLUMNS FROM `sc_message` [ RunTime:0.0040s ]
SQL: INSERT INTO `sc_message` (`title`,`cat_id`,`content`) VALUES ('WinSCP是什么软件？做什么用的？','12','<span style=\"line-height:1.5;\">WinSCP概述：</span><br />
<span style=\"line-height:1.5;\">WinSCP一款基于SSH安全高效的FTP上传软件，同时支持SCP协议。它的主要功能就是在本地与远程计算机间安全的复制文件。</span><br />
<br />
<span style=\"line-height:1.5;\">WinSCP详细描述：</span><br />
<span style=\"line-height:1.5;\">WinSCP是一款Windows环境下使用的基于SSH的开源文件上传客户端，同时支持SFTP、SCP、FTP协议，你可非常方便地使用拖拽操作，同时也支持批处理脚本及命令行方式操作，支持SSL/TLS、SSL、TLS三种加密方式，WinSCP还内置了文本编辑器，方便你进行文本编辑，在操作界面上给了你2种选择，一种是针对习惯于Windows操作的用户而设置的Windows Explorer界面，另一种采用了Norton Commander界面。</span><br />
<br />
<span style=\"line-height:1.5;\">SSH是Secure Shell英文的缩写，是建立在应用层和传输层基础上的安全协议。SSH协议是较可靠，专为远程登录会话和其他网络服务提供安全性的协议。</span><br />
<br />
<span style=\"line-height:1.5;\">WinSCP连接到远程计算机：</span><br />
<span style=\"line-height:1.5;\">使用WinSCP可以连接到一台提供SFTP (SSH File Transfer Protocol)或SCP (Secure Copy Protocol)服务的SSH (Secure Shell)服务器，通常是UNIX服务器。SFTP包含于SSH-2包中，SCP在SSH-1包中。两种协议都能运行在以后的SSH版本之上。WinSCP同时支持SSH-1和SSH-2。</span><br />
<br />
<span style=\"line-height:1.5;\">WinSCP的界面：</span><br />
<span style=\"line-height:1.5;\">WinSCP有两种界面可供您选择。你可以在安装时选择喜欢的界面，也可以以后改变设置。</span><br />
<span style=\"line-height:1.5;\">如果你是第一次使用WinSCP，建议选择Windows Explorer界面，因为Windows用户比较熟悉这个界面。当然，如果你习惯Norton Commander风格，就选择Norton Commander界面，它注重于方便的键盘操作，你完全可以脱离鼠标，更快地进行操作。</span><br />
<div>
	<br />
</div>') [ RunTime:0.0022s ]
INFO: [ view_parse ] --START--
INFO: [ template_filter ] --START--
INFO: Run Behavior\ContentReplaceBehavior [ RunTime:0.000051s ]
INFO: [ template_filter ] --END-- [ RunTime:0.000126s ]
INFO: Run Behavior\ParseTemplateBehavior [ RunTime:0.007311s ]
INFO: [ view_parse ] --END-- [ RunTime:0.007389s ]
INFO: [ view_filter ] --START--
INFO: Run Behavior\WriteHtmlCacheBehavior [ RunTime:0.000668s ]
INFO: [ view_filter ] --END-- [ RunTime:0.000724s ]

[ 2016-06-20T23:36:36+08:00 ] 127.0.0.1 /index.php/Admin/Index/index.html
INFO: [ app_init ] --START--
INFO: Run Behavior\BuildLiteBehavior [ RunTime:0.000032s ]
INFO: [ app_init ] --END-- [ RunTime:0.000924s ]
INFO: [ app_begin ] --START--
INFO: Run Behavior\ReadHtmlCacheBehavior [ RunTime:0.001059s ]
INFO: [ app_begin ] --END-- [ RunTime:0.001178s ]
SQL: SHOW COLUMNS FROM `sc_category` [ RunTime:0.0039s ]
SQL: SELECT * FROM `sc_category`  [ RunTime:0.0004s ]
INFO: [ view_parse ] --START--
INFO: [ template_filter ] --START--
INFO: Run Behavior\ContentReplaceBehavior [ RunTime:0.000073s ]
INFO: [ template_filter ] --END-- [ RunTime:0.000172s ]
INFO: Run Behavior\ParseTemplateBehavior [ RunTime:0.008035s ]
INFO: [ view_parse ] --END-- [ RunTime:0.008118s ]
INFO: [ view_filter ] --START--
INFO: Run Behavior\WriteHtmlCacheBehavior [ RunTime:0.000448s ]
INFO: [ view_filter ] --END-- [ RunTime:0.000511s ]
INFO: [ app_end ] --START--
INFO: Run Behavior\ShowPageTraceBehavior [ RunTime:0.000896s ]
INFO: [ app_end ] --END-- [ RunTime:0.000991s ]

