[ 2016-06-27T00:54:29+08:00 ] 127.0.0.1 /index.php/admin
INFO: [ app_init ] --START--
INFO: Run Behavior\BuildLiteBehavior [ RunTime:0.000021s ]
INFO: [ app_init ] --END-- [ RunTime:0.000697s ]
INFO: [ app_begin ] --START--
INFO: Run Behavior\ReadHtmlCacheBehavior [ RunTime:0.001322s ]
INFO: [ app_begin ] --END-- [ RunTime:0.001469s ]
SQL: SHOW COLUMNS FROM `sc_category` [ RunTime:0.0071s ]
SQL: SELECT * FROM `sc_category`  [ RunTime:0.0006s ]
INFO: [ view_parse ] --START--
INFO: [ template_filter ] --START--
INFO: Run Behavior\ContentReplaceBehavior [ RunTime:0.000111s ]
INFO: [ template_filter ] --END-- [ RunTime:0.000252s ]
INFO: Run Behavior\ParseTemplateBehavior [ RunTime:0.038642s ]
INFO: [ view_parse ] --END-- [ RunTime:0.038835s ]
INFO: [ view_filter ] --START--
INFO: Run Behavior\WriteHtmlCacheBehavior [ RunTime:0.000862s ]
INFO: [ view_filter ] --END-- [ RunTime:0.000976s ]
INFO: [ app_end ] --START--
INFO: Run Behavior\ShowPageTraceBehavior [ RunTime:0.001275s ]
INFO: [ app_end ] --END-- [ RunTime:0.001391s ]

[ 2016-06-27T16:10:15+08:00 ] 127.0.0.1 /index.php/admin
INFO: [ app_init ] --START--
INFO: Run Behavior\BuildLiteBehavior [ RunTime:0.000052s ]
INFO: [ app_init ] --END-- [ RunTime:0.012800s ]
INFO: [ app_begin ] --START--
INFO: Run Behavior\ReadHtmlCacheBehavior [ RunTime:0.015055s ]
INFO: [ app_begin ] --END-- [ RunTime:0.015237s ]
SQL: SHOW COLUMNS FROM `sc_category` [ RunTime:0.3476s ]
SQL: SELECT * FROM `sc_category`  [ RunTime:0.0005s ]
INFO: [ view_parse ] --START--
INFO: [ template_filter ] --START--
INFO: Run Behavior\ContentReplaceBehavior [ RunTime:0.000144s ]
INFO: [ template_filter ] --END-- [ RunTime:0.000338s ]
INFO: Run Behavior\ParseTemplateBehavior [ RunTime:0.270718s ]
INFO: [ view_parse ] --END-- [ RunTime:0.271035s ]
INFO: [ view_filter ] --START--
INFO: Run Behavior\WriteHtmlCacheBehavior [ RunTime:0.046374s ]
INFO: [ view_filter ] --END-- [ RunTime:0.046610s ]
INFO: [ app_end ] --START--
INFO: Run Behavior\ShowPageTraceBehavior [ RunTime:0.009659s ]
INFO: [ app_end ] --END-- [ RunTime:0.009845s ]

[ 2016-06-27T16:10:15+08:00 ] 127.0.0.1 /index.php/admin
INFO: [ app_init ] --START--
INFO: Run Behavior\BuildLiteBehavior [ RunTime:0.000028s ]
INFO: [ app_init ] --END-- [ RunTime:0.000757s ]
INFO: [ app_begin ] --START--
INFO: Run Behavior\ReadHtmlCacheBehavior [ RunTime:0.000989s ]
INFO: [ app_begin ] --END-- [ RunTime:0.001080s ]
SQL: SHOW COLUMNS FROM `sc_category` [ RunTime:0.0171s ]
SQL: SELECT * FROM `sc_category`  [ RunTime:0.0003s ]
INFO: [ view_parse ] --START--
INFO: [ template_filter ] --START--
INFO: Run Behavior\ContentReplaceBehavior [ RunTime:0.000104s ]
INFO: [ template_filter ] --END-- [ RunTime:0.000225s ]
INFO: Run Behavior\ParseTemplateBehavior [ RunTime:0.009307s ]
INFO: [ view_parse ] --END-- [ RunTime:0.009446s ]
INFO: [ view_filter ] --START--
INFO: Run Behavior\WriteHtmlCacheBehavior [ RunTime:0.000827s ]
INFO: [ view_filter ] --END-- [ RunTime:0.000994s ]
INFO: [ app_end ] --START--
INFO: Run Behavior\ShowPageTraceBehavior [ RunTime:0.001072s ]
INFO: [ app_end ] --END-- [ RunTime:0.001181s ]

[ 2016-06-27T16:11:14+08:00 ] 127.0.0.1 /index.php/admin
INFO: [ app_init ] --START--
INFO: Run Behavior\BuildLiteBehavior [ RunTime:0.000027s ]
INFO: [ app_init ] --END-- [ RunTime:0.000635s ]
INFO: [ app_begin ] --START--
INFO: Run Behavior\ReadHtmlCacheBehavior [ RunTime:0.001047s ]
INFO: [ app_begin ] --END-- [ RunTime:0.001167s ]
SQL: SHOW COLUMNS FROM `sc_message` [ RunTime:0.0059s ]
SQL: INSERT INTO `sc_message` (`title`,`cat_id`,`content`) VALUES ('linux安装出现错误，make: *** No targets specified and no makefile found. Stop. ','12','<span style=\"line-height:1.5;\">如果要在redhat5编译C/C++程序，你必须安装以下的软件包：</span><br />
<span style=\"line-height:1.5;\">=&gt; autoconf：configure用的</span><br />
<span style=\"line-height:1.5;\">=&gt; make/automake： make的主程序</span><br />
<span style=\"line-height:1.5;\">=&gt; GNU GCC C 编译器(gcc) version 4.1： 编译C的</span><br />
<span style=\"line-height:1.5;\">=&gt; GNU GCC C++ 编译器 (gcc-c++): 编译C++的</span><br />
<span style=\"line-height:1.5;\">在Redhat / CentOS / Fedora Linux下（前者是商业版要付钱，中间的是代码重编译社区版免费，后者是个人电脑用的不知道免费不免费。。。因为我用的是ubuntu），你可以用下面的方式安装这几个软件包（任何一种都可以的）</span><br />
<span style=\"line-height:1.5;\">[a] GUI界面（最适合刚从windows转过来的菜菜）</span><br />
<span style=\"line-height:1.5;\">[b] 从CD装RPM包（有盘的）</span><br />
<span style=\"line-height:1.5;\">[c] 从网上自动下载安装（最方便）</span><br />
<br />
<br />
<span style=\"line-height:1.5;\">方法1：打入下面的命令，找到包，选择后应用即可</span><br />
<span style=\"line-height:1.5;\">$ system-config-packages &amp;</span><br />
<br />
<br />
<span style=\"line-height:1.5;\">方法2: CD，把系统安装光盘（如果你有）放入光驱，打入下面的命令</span><br />
<span style=\"line-height:1.5;\"># rpm -ivh gcc*</span><br />
<br />
<br />
<span style=\"line-height:1.5;\">方法3: 网上下载，打入下面的命令（需要预装yum，不过一般发行版都整合yum的，自动下载安装软件仓库中最新的）</span><br />
<span style=\"line-height:1.5;\"># yum install gcc gcc-c++ autoconf automake</span><br />
<br />
<br />
<span style=\"line-height:1.5;\">任一方法，安装成功以后就可以用传统的./configure和make，sudo make install安装apache了</span><br />
<span style=\"line-height:1.5;\"></span>') [ RunTime:0.2753s ]
INFO: [ view_parse ] --START--
INFO: [ template_filter ] --START--
INFO: Run Behavior\ContentReplaceBehavior [ RunTime:0.000111s ]
INFO: [ template_filter ] --END-- [ RunTime:0.000290s ]
INFO: Run Behavior\ParseTemplateBehavior [ RunTime:0.074068s ]
INFO: [ view_parse ] --END-- [ RunTime:0.074274s ]
INFO: [ view_filter ] --START--
INFO: Run Behavior\WriteHtmlCacheBehavior [ RunTime:0.001417s ]
INFO: [ view_filter ] --END-- [ RunTime:0.001575s ]

[ 2016-06-27T16:11:15+08:00 ] 127.0.0.1 /index.php/Admin/Index/index.html
INFO: [ app_init ] --START--
INFO: Run Behavior\BuildLiteBehavior [ RunTime:0.000032s ]
INFO: [ app_init ] --END-- [ RunTime:0.000850s ]
INFO: [ app_begin ] --START--
INFO: Run Behavior\ReadHtmlCacheBehavior [ RunTime:0.001125s ]
INFO: [ app_begin ] --END-- [ RunTime:0.001287s ]
SQL: SHOW COLUMNS FROM `sc_category` [ RunTime:0.0063s ]
SQL: SELECT * FROM `sc_category`  [ RunTime:0.0005s ]
INFO: [ view_parse ] --START--
INFO: [ template_filter ] --START--
INFO: Run Behavior\ContentReplaceBehavior [ RunTime:0.000077s ]
INFO: [ template_filter ] --END-- [ RunTime:0.000184s ]
INFO: Run Behavior\ParseTemplateBehavior [ RunTime:0.008292s ]
INFO: [ view_parse ] --END-- [ RunTime:0.008425s ]
INFO: [ view_filter ] --START--
INFO: Run Behavior\WriteHtmlCacheBehavior [ RunTime:0.000671s ]
INFO: [ view_filter ] --END-- [ RunTime:0.000755s ]
INFO: [ app_end ] --START--
INFO: Run Behavior\ShowPageTraceBehavior [ RunTime:0.000963s ]
INFO: [ app_end ] --END-- [ RunTime:0.001040s ]

[ 2016-06-27T16:11:24+08:00 ] 127.0.0.1 /index.php/admin
INFO: [ app_init ] --START--
INFO: Run Behavior\BuildLiteBehavior [ RunTime:0.000032s ]
INFO: [ app_init ] --END-- [ RunTime:0.000703s ]
INFO: [ app_begin ] --START--
INFO: Run Behavior\ReadHtmlCacheBehavior [ RunTime:0.000787s ]
INFO: [ app_begin ] --END-- [ RunTime:0.000884s ]
SQL: SHOW COLUMNS FROM `sc_category` [ RunTime:0.0058s ]
SQL: SELECT * FROM `sc_category`  [ RunTime:0.0004s ]
INFO: [ view_parse ] --START--
INFO: [ template_filter ] --START--
INFO: Run Behavior\ContentReplaceBehavior [ RunTime:0.000120s ]
INFO: [ template_filter ] --END-- [ RunTime:0.000312s ]
INFO: Run Behavior\ParseTemplateBehavior [ RunTime:0.011541s ]
INFO: [ view_parse ] --END-- [ RunTime:0.011679s ]
INFO: [ view_filter ] --START--
INFO: Run Behavior\WriteHtmlCacheBehavior [ RunTime:0.000636s ]
INFO: [ view_filter ] --END-- [ RunTime:0.000756s ]
INFO: [ app_end ] --START--
INFO: Run Behavior\ShowPageTraceBehavior [ RunTime:0.001118s ]
INFO: [ app_end ] --END-- [ RunTime:0.001244s ]

[ 2016-06-27T16:27:40+08:00 ] 127.0.0.1 /index.php/Admin/Index/index.html
INFO: [ app_init ] --START--
INFO: Run Behavior\BuildLiteBehavior [ RunTime:0.000030s ]
INFO: [ app_init ] --END-- [ RunTime:0.000766s ]
INFO: [ app_begin ] --START--
INFO: Run Behavior\ReadHtmlCacheBehavior [ RunTime:0.001013s ]
INFO: [ app_begin ] --END-- [ RunTime:0.001138s ]
SQL: SHOW COLUMNS FROM `sc_message` [ RunTime:0.0101s ]
SQL: INSERT INTO `sc_message` (`title`,`cat_id`,`content`) VALUES ('linux 命令中tar后跟的zxvf是什么意思？','12','<pre class=\"best-text mb-10\">分别是四个参数
x : 从 tar 包中把文件提取出来
z : 表示 tar 包是被 gzip 压缩过的，所以解压时需要用 gunzip 解压
v : 显示详细信息
f xxx.tar.gz :  指定被处理的文件是 xxx.tar.gz</pre>') [ RunTime:0.0429s ]
INFO: [ view_parse ] --START--
INFO: [ template_filter ] --START--
INFO: Run Behavior\ContentReplaceBehavior [ RunTime:0.000081s ]
INFO: [ template_filter ] --END-- [ RunTime:0.000202s ]
INFO: Run Behavior\ParseTemplateBehavior [ RunTime:0.013052s ]
INFO: [ view_parse ] --END-- [ RunTime:0.013210s ]
INFO: [ view_filter ] --START--
INFO: Run Behavior\WriteHtmlCacheBehavior [ RunTime:0.000677s ]
INFO: [ view_filter ] --END-- [ RunTime:0.000771s ]

[ 2016-06-27T16:27:41+08:00 ] 127.0.0.1 /index.php/Admin/Index/index.html
INFO: [ app_init ] --START--
INFO: Run Behavior\BuildLiteBehavior [ RunTime:0.000047s ]
INFO: [ app_init ] --END-- [ RunTime:0.001010s ]
INFO: [ app_begin ] --START--
INFO: Run Behavior\ReadHtmlCacheBehavior [ RunTime:0.001323s ]
INFO: [ app_begin ] --END-- [ RunTime:0.001516s ]
SQL: SHOW COLUMNS FROM `sc_category` [ RunTime:0.0098s ]
SQL: SELECT * FROM `sc_category`  [ RunTime:0.0005s ]
INFO: [ view_parse ] --START--
INFO: [ template_filter ] --START--
INFO: Run Behavior\ContentReplaceBehavior [ RunTime:0.000155s ]
INFO: [ template_filter ] --END-- [ RunTime:0.000370s ]
INFO: Run Behavior\ParseTemplateBehavior [ RunTime:0.015808s ]
INFO: [ view_parse ] --END-- [ RunTime:0.016030s ]
INFO: [ view_filter ] --START--
INFO: Run Behavior\WriteHtmlCacheBehavior [ RunTime:0.001257s ]
INFO: [ view_filter ] --END-- [ RunTime:0.001440s ]
INFO: [ app_end ] --START--
INFO: Run Behavior\ShowPageTraceBehavior [ RunTime:0.002249s ]
INFO: [ app_end ] --END-- [ RunTime:0.002464s ]

