[ 2016-07-01T10:45:00+08:00 ] 127.0.0.1 /index.php/admin
INFO: [ app_init ] --START--
INFO: Run Behavior\BuildLiteBehavior [ RunTime:0.000019s ]
INFO: [ app_init ] --END-- [ RunTime:0.000630s ]
INFO: [ app_begin ] --START--
INFO: Run Behavior\ReadHtmlCacheBehavior [ RunTime:0.000904s ]
INFO: [ app_begin ] --END-- [ RunTime:0.000978s ]
SQL: SHOW COLUMNS FROM `sc_category` [ RunTime:0.0205s ]
SQL: SELECT * FROM `sc_category`  [ RunTime:0.0003s ]
INFO: [ view_parse ] --START--
INFO: [ template_filter ] --START--
INFO: Run Behavior\ContentReplaceBehavior [ RunTime:0.000084s ]
INFO: [ template_filter ] --END-- [ RunTime:0.000196s ]
INFO: Run Behavior\ParseTemplateBehavior [ RunTime:0.073308s ]
INFO: [ view_parse ] --END-- [ RunTime:0.073532s ]
INFO: [ view_filter ] --START--
INFO: Run Behavior\WriteHtmlCacheBehavior [ RunTime:0.001054s ]
INFO: [ view_filter ] --END-- [ RunTime:0.001184s ]
INFO: [ app_end ] --START--
INFO: Run Behavior\ShowPageTraceBehavior [ RunTime:0.001928s ]
INFO: [ app_end ] --END-- [ RunTime:0.002074s ]

[ 2016-07-01T10:56:06+08:00 ] 127.0.0.1 /index.php/admin
INFO: [ app_init ] --START--
INFO: Run Behavior\BuildLiteBehavior [ RunTime:0.000024s ]
INFO: [ app_init ] --END-- [ RunTime:0.000747s ]
INFO: [ app_begin ] --START--
INFO: Run Behavior\ReadHtmlCacheBehavior [ RunTime:0.000963s ]
INFO: [ app_begin ] --END-- [ RunTime:0.001053s ]
SQL: SHOW COLUMNS FROM `sc_message` [ RunTime:0.0054s ]
SQL: INSERT INTO `sc_message` (`title`,`cat_id`,`content`) VALUES ('VMWare虚拟机提供的桥接、nat和主机模式的区别','12','<span style=\"line-height:1.5;\">VMWare提供三种工作模式桥接（bridge）、NAT（网络地址转换）和host-only（主机模式）。</span><br />
<span style=\"line-height:1.5;\">桥接模式</span><br />
<span style=\"line-height:1.5;\">在桥接模式下，VMWare虚拟出来的操作系统就像是局域网中的一台独立的主机（主机和虚拟机处于对等地位），它可以访问网内任何一台机器。在桥接模式下，我们往往需要为虚拟主机配置ＩＰ地址、子网掩码等（注意虚拟主机的ｉｐ地址要和主机ｉｐ地址在同一网段）。</span><br />
<span style=\"line-height:1.5;\">如果我们需要在局域网内建立一个虚拟服务器，并为局域网用户提供服务，那就要选择桥接模式。</span><br />
<span style=\"line-height:1.5;\">NAT模式</span><br />
<span style=\"line-height:1.5;\">在NAT模式下，虚拟系统需要借助NAT(网络地址转换)功能来访问公网。也就是说，使用NAT模式虚拟系统可把物理主机作为路由器访问互联网。该模式下的虚拟系统无法和本局域网中的其他真实主机进行通讯。</span><br />
<span style=\"line-height:1.5;\">如果我们想利用VMWare安装一个新的虚拟系统，在虚拟系统中不用进行任何手工配置就能直接访问互联网，建议采用NAT模式。</span><br />
<span style=\"line-height:1.5;\">（eth0）---- 这个是虚拟机的网卡</span><br />
<span style=\"line-height:1.5;\">主机模式</span><br />
<span style=\"line-height:1.5;\">主机模式下，真实环境和虚拟环境是隔离开的；在这种模式下，所有的虚拟系统是可以相互通信的，但虚拟系统和真实的网络是被隔离开。</span><br />
<span style=\"line-height:1.5;\">和nat唯一的不同的是，此种方式下，没有地址转换服务，因此，默认情况下，虚拟机只能到主机访问。</span><br />
<span style=\"line-height:1.5;\"></span>') [ RunTime:0.1684s ]
INFO: [ view_parse ] --START--
INFO: [ template_filter ] --START--
INFO: Run Behavior\ContentReplaceBehavior [ RunTime:0.000090s ]
INFO: [ template_filter ] --END-- [ RunTime:0.000225s ]
INFO: Run Behavior\ParseTemplateBehavior [ RunTime:0.055679s ]
INFO: [ view_parse ] --END-- [ RunTime:0.055851s ]
INFO: [ view_filter ] --START--
INFO: Run Behavior\WriteHtmlCacheBehavior [ RunTime:0.000802s ]
INFO: [ view_filter ] --END-- [ RunTime:0.000914s ]

[ 2016-07-01T10:56:07+08:00 ] 127.0.0.1 /index.php/Admin/Index/index.html
INFO: [ app_init ] --START--
INFO: Run Behavior\BuildLiteBehavior [ RunTime:0.000024s ]
INFO: [ app_init ] --END-- [ RunTime:0.000796s ]
INFO: [ app_begin ] --START--
INFO: Run Behavior\ReadHtmlCacheBehavior [ RunTime:0.000848s ]
INFO: [ app_begin ] --END-- [ RunTime:0.000943s ]
SQL: SHOW COLUMNS FROM `sc_category` [ RunTime:0.0056s ]
SQL: SELECT * FROM `sc_category`  [ RunTime:0.0005s ]
INFO: [ view_parse ] --START--
INFO: [ template_filter ] --START--
INFO: Run Behavior\ContentReplaceBehavior [ RunTime:0.000112s ]
INFO: [ template_filter ] --END-- [ RunTime:0.000224s ]
INFO: Run Behavior\ParseTemplateBehavior [ RunTime:0.010018s ]
INFO: [ view_parse ] --END-- [ RunTime:0.010143s ]
INFO: [ view_filter ] --START--
INFO: Run Behavior\WriteHtmlCacheBehavior [ RunTime:0.000640s ]
INFO: [ view_filter ] --END-- [ RunTime:0.000750s ]
INFO: [ app_end ] --START--
INFO: Run Behavior\ShowPageTraceBehavior [ RunTime:0.001258s ]
INFO: [ app_end ] --END-- [ RunTime:0.001344s ]

[ 2016-07-01T11:48:47+08:00 ] 127.0.0.1 /index.php/admin
INFO: [ app_init ] --START--
INFO: Run Behavior\BuildLiteBehavior [ RunTime:0.000018s ]
INFO: [ app_init ] --END-- [ RunTime:0.000504s ]
INFO: [ app_begin ] --START--
INFO: Run Behavior\ReadHtmlCacheBehavior [ RunTime:0.000705s ]
INFO: [ app_begin ] --END-- [ RunTime:0.000772s ]
SQL: SHOW COLUMNS FROM `sc_category` [ RunTime:0.0048s ]
SQL: SELECT * FROM `sc_category`  [ RunTime:0.0003s ]
INFO: [ view_parse ] --START--
INFO: [ template_filter ] --START--
INFO: Run Behavior\ContentReplaceBehavior [ RunTime:0.000071s ]
INFO: [ template_filter ] --END-- [ RunTime:0.000176s ]
INFO: Run Behavior\ParseTemplateBehavior [ RunTime:0.009149s ]
INFO: [ view_parse ] --END-- [ RunTime:0.009279s ]
INFO: [ view_filter ] --START--
INFO: Run Behavior\WriteHtmlCacheBehavior [ RunTime:0.000754s ]
INFO: [ view_filter ] --END-- [ RunTime:0.000849s ]
INFO: [ app_end ] --START--
INFO: Run Behavior\ShowPageTraceBehavior [ RunTime:0.000777s ]
INFO: [ app_end ] --END-- [ RunTime:0.000847s ]

[ 2016-07-01T16:58:34+08:00 ] 127.0.0.1 /index.php/admin
INFO: [ app_init ] --START--
INFO: Run Behavior\BuildLiteBehavior [ RunTime:0.000047s ]
INFO: [ app_init ] --END-- [ RunTime:0.051359s ]
INFO: [ app_begin ] --START--
INFO: Run Behavior\ReadHtmlCacheBehavior [ RunTime:0.043736s ]
INFO: [ app_begin ] --END-- [ RunTime:0.043900s ]
SQL: SHOW COLUMNS FROM `sc_category` [ RunTime:0.1553s ]
SQL: SELECT * FROM `sc_category`  [ RunTime:0.0185s ]
INFO: [ view_parse ] --START--
INFO: [ template_filter ] --START--
INFO: Run Behavior\ContentReplaceBehavior [ RunTime:0.000092s ]
INFO: [ template_filter ] --END-- [ RunTime:0.000227s ]
INFO: Run Behavior\ParseTemplateBehavior [ RunTime:0.114215s ]
INFO: [ view_parse ] --END-- [ RunTime:0.114399s ]
INFO: [ view_filter ] --START--
INFO: Run Behavior\WriteHtmlCacheBehavior [ RunTime:0.025359s ]
INFO: [ view_filter ] --END-- [ RunTime:0.025504s ]
INFO: [ app_end ] --START--
INFO: Run Behavior\ShowPageTraceBehavior [ RunTime:0.010302s ]
INFO: [ app_end ] --END-- [ RunTime:0.010477s ]

[ 2016-07-01T16:59:57+08:00 ] 127.0.0.1 /index.php/admin
INFO: [ app_init ] --START--
INFO: Run Behavior\BuildLiteBehavior [ RunTime:0.000029s ]
INFO: [ app_init ] --END-- [ RunTime:0.000897s ]
INFO: [ app_begin ] --START--
INFO: Run Behavior\ReadHtmlCacheBehavior [ RunTime:0.000941s ]
INFO: [ app_begin ] --END-- [ RunTime:0.001021s ]
SQL: SHOW COLUMNS FROM `sc_message` [ RunTime:0.0052s ]
SQL: INSERT INTO `sc_message` (`title`,`cat_id`,`content`) VALUES ('memcache的命中率是什么意思？如何理解？','13','<span style=\"line-height:1.5;\">命中：直接从缓存中读取到想要的数据。</span><br />
<span style=\"line-height:1.5;\">不命中：缓存中没有想要的数据，还需要到数据库进行一次查询才能读取到想要的数据。</span><br />
<span style=\"line-height:1.5;\">命中率越高，数据库查询的次数就越少。</span><br />
<span style=\"line-height:1.5;\">读取缓存的速度远比数据库查询的速度高得多。</span><br />
<span style=\"line-height:1.5;\">所以命中率越高，性能越高。</span><br />
<span style=\"line-height:1.5;\"></span>') [ RunTime:0.1903s ]
INFO: [ view_parse ] --START--
INFO: [ template_filter ] --START--
INFO: Run Behavior\ContentReplaceBehavior [ RunTime:0.000110s ]
INFO: [ template_filter ] --END-- [ RunTime:0.000278s ]
INFO: Run Behavior\ParseTemplateBehavior [ RunTime:0.030414s ]
INFO: [ view_parse ] --END-- [ RunTime:0.030587s ]
INFO: [ view_filter ] --START--
INFO: Run Behavior\WriteHtmlCacheBehavior [ RunTime:0.001047s ]
INFO: [ view_filter ] --END-- [ RunTime:0.001195s ]

[ 2016-07-01T16:59:58+08:00 ] 127.0.0.1 /index.php/Admin/Index/index.html
INFO: [ app_init ] --START--
INFO: Run Behavior\BuildLiteBehavior [ RunTime:0.000025s ]
INFO: [ app_init ] --END-- [ RunTime:0.000638s ]
INFO: [ app_begin ] --START--
INFO: Run Behavior\ReadHtmlCacheBehavior [ RunTime:0.001036s ]
INFO: [ app_begin ] --END-- [ RunTime:0.001144s ]
SQL: SHOW COLUMNS FROM `sc_category` [ RunTime:0.0058s ]
SQL: SELECT * FROM `sc_category`  [ RunTime:0.0003s ]
INFO: [ view_parse ] --START--
INFO: [ template_filter ] --START--
INFO: Run Behavior\ContentReplaceBehavior [ RunTime:0.000092s ]
INFO: [ template_filter ] --END-- [ RunTime:0.000214s ]
INFO: Run Behavior\ParseTemplateBehavior [ RunTime:0.047274s ]
INFO: [ view_parse ] --END-- [ RunTime:0.047418s ]
INFO: [ view_filter ] --START--
INFO: Run Behavior\WriteHtmlCacheBehavior [ RunTime:0.000460s ]
INFO: [ view_filter ] --END-- [ RunTime:0.000544s ]
INFO: [ app_end ] --START--
INFO: Run Behavior\ShowPageTraceBehavior [ RunTime:0.000858s ]
INFO: [ app_end ] --END-- [ RunTime:0.000938s ]

